빌드 시작: 2017-05-10 오전 10:33:21
     1>2 노드의 "C:\Users\USER\Documents\Visual Studio 2013\Projects\LockfreeQueue\LockfreeQueue\LockfreeQueue.vcxproj" 프로젝트(Build 대상)입니다.
     1>ClCompile:
         C:\Program Files (x86)\Microsoft Visual Studio 12.0\VC\bin\CL.exe /c /ZI /nologo /W3 /WX- /sdl /Od /Oy- /D WIN32 /D _DEBUG /D _CONSOLE /D _LIB /D _UNICODE /D UNICODE /Gm /EHsc /RTC1 /MDd /GS /fp:precise /Zc:wchar_t /Zc:forScope /Fo"Debug\\" /Fd"Debug\vc120.pdb" /Gd /TP /analyze- /errorReport:prompt lib\APIHook.cpp lib\Library.cpp lib\Profiler.cpp lib\SystemLog.cpp LockfreeQueue_Test.cpp
         LockfreeQueue_Test.cpp
     1>c:\users\user\documents\visual studio 2013\projects\lockfreequeue\lockfreequeue\lockfreequeue_test.cpp(77): warning C4101: 'iRand' :참조되지 않은 지역 변수입니다.
     1>c:\users\user\documents\visual studio 2013\projects\lockfreequeue\lockfreequeue\lockfreequeue.h(129): error C3861: 'InterlockedCompareExchange128': 식별자를 찾을 수 없습니다.
                 c:\users\user\documents\visual studio 2013\projects\lockfreequeue\lockfreequeue\lockfreequeue.h(100) : 클래스 템플릿 멤버 함수 'bool CLockfreeQueue<st_TEST_DATA *>::Put(DATA)'을(를) 컴파일하고 있습니다.
                 with
                 [
                     DATA=st_TEST_DATA *
                 ]
                 c:\users\user\documents\visual studio 2013\projects\lockfreequeue\lockfreequeue\lockfreequeue_test.cpp(94) : 컴파일 중인 함수 템플릿 인스턴스화 'bool CLockfreeQueue<st_TEST_DATA *>::Put(DATA)'에 대한 참조를 확인하십시오.
                 with
                 [
                     DATA=st_TEST_DATA *
                 ]
                 c:\users\user\documents\visual studio 2013\projects\lockfreequeue\lockfreequeue\lockfreequeue_test.cpp(10) : 컴파일 중인 클래스 템플릿 인스턴스화 'CLockfreeQueue<st_TEST_DATA *>'에 대한 참조를 확인하십시오.
     1>c:\users\user\documents\visual studio 2013\projects\lockfreequeue\lockfreequeue\lockfreequeue.h(140): error C3861: 'InterlockedCompareExchange128': 식별자를 찾을 수 없습니다.
         SystemLog.cpp
         Profiler.cpp
     1>c:\users\user\documents\visual studio 2013\projects\lockfreequeue\lockfreequeue\lib\profiler.cpp(47): warning C4244: '=' : 'LONGLONG'에서 'double'(으)로 변환하면서 데이터가 손실될 수 있습니다.
     1>c:\users\user\documents\visual studio 2013\projects\lockfreequeue\lockfreequeue\lib\profiler.cpp(52): warning C4244: '=' : 'LONGLONG'에서 'double'(으)로 변환하면서 데이터가 손실될 수 있습니다.
     1>c:\users\user\documents\visual studio 2013\projects\lockfreequeue\lockfreequeue\lib\profiler.cpp(58): warning C4244: '=' : 'LONGLONG'에서 'double'(으)로 변환하면서 데이터가 손실될 수 있습니다.
         Library.cpp
         APIHook.cpp
     1>c:\users\user\documents\visual studio 2013\projects\lockfreequeue\lockfreequeue\lib\apihook.cpp(362): error C2664: 'DWORD GetModuleFileNameW(HMODULE,LPWSTR,DWORD)' : 인수 2을(를) 'char [260]'에서 'LPWSTR'(으)로 변환할 수 없습니다.
                 가리킨 형식이 관련이 없습니다. 변환하려면 reinterpret_cast, C 스타일 캐스트 또는 함수 스타일 캐스트가 필요합니다.
     1>c:\users\user\documents\visual studio 2013\projects\lockfreequeue\lockfreequeue\lib\apihook.cpp(366): error C2664: 'HRESULT StringCchPrintfW(STRSAFE_LPWSTR,size_t,STRSAFE_LPCWSTR,...)' : 인수 1을(를) 'char [1024]'에서 'STRSAFE_LPWSTR'(으)로 변환할 수 없습니다.
                 가리킨 형식이 관련이 없습니다. 변환하려면 reinterpret_cast, C 스타일 캐스트 또는 함수 스타일 캐스트가 필요합니다.
     1>c:\users\user\documents\visual studio 2013\projects\lockfreequeue\lockfreequeue\lib\apihook.cpp(367): error C2664: 'void OutputDebugStringW(LPCWSTR)' : 인수 1을(를) 'char [1024]'에서 'LPCWSTR'(으)로 변환할 수 없습니다.
                 가리킨 형식이 관련이 없습니다. 변환하려면 reinterpret_cast, C 스타일 캐스트 또는 함수 스타일 캐스트가 필요합니다.
         코드를 생성하고 있습니다...
     1>c:\users\user\documents\visual studio 2013\projects\lockfreequeue\lockfreequeue\lib\profiler.cpp(37): warning C4715: 'ProfileBegin' : 모든 제어 경로에서 값을 반환하지는 않습니다.
     1>"C:\Users\USER\Documents\Visual Studio 2013\Projects\LockfreeQueue\LockfreeQueue\LockfreeQueue.vcxproj" 프로젝트를 빌드했습니다(Build 대상). - 실패

빌드하지 못했습니다.

경과 시간: 00:00:03.87
